<?xml version="1.0" encoding="UTF-8"?>
<testsuite xmlns:xsi="http://www.w3.org/2001/XMLSchema-instance" xsi:noNamespaceSchemaLocation="https://maven.apache.org/surefire/maven-surefire-plugin/xsd/surefire-test-report-3.0.xsd" version="3.0" name="com.example.taskmanager.TaskmanagerApplicationTests" time="10.287" tests="1" errors="0" skipped="0" failures="0">
  <properties>
[...]
</properties>
  <testcase name="contextLoads" classname="com.example.taskmanager.TaskmanagerApplicationTests" time="1.089">
    <system-out><![CDATA[21:21:41.322 [main] INFO org.springframework.test.context.support.AnnotationConfigContextLoaderUtils -- Could not detect default configuration classes for test class [com.example.taskmanager.TaskmanagerApplicationTests]: TaskmanagerApplicationTests does not declare any static, non-private, non-final, nested classes annotated with @Configuration.
21:21:41.478 [main] INFO org.springframework.boot.test.context.SpringBootTestContextBootstrapper -- Found @SpringBootConfiguration com.example.taskmanager.TaskmanagerApplication for test class com.example.taskmanager.TaskmanagerApplicationTests
21:21:41.728 [main] INFO org.springframework.boot.devtools.restart.RestartApplicationListener -- Restart disabled due to context in which it is running

  .   ____          _            __ _ _
 /\\ / ___'_ __ _ _(_)_ __  __ _ \ \ \ \
( ( )\___ | '_ | '_| | '_ \/ _` | \ \ \ \
 \\/  ___)| |_)| | | | | || (_| |  ) ) ) )
  '  |____| .__|_| |_|_| |_\__, | / / / /
 =========|_|==============|___/=/_/_/_/
 :: Spring Boot ::                (v3.2.5)

2025-07-17T21:21:42.122-05:00  INFO 15524 --- [taskmanager] [           main] c.e.t.TaskmanagerApplicationTests        : Starting TaskmanagerApplicationTests using Java 17.0.8.1 with PID 15524 (started by CK777 in C:\Users\CK777\Downloads\taskmanager\taskmanager)
2025-07-17T21:21:42.124-05:00  INFO 15524 --- [taskmanager] [           main] c.e.t.TaskmanagerApplicationTests        : No active profile set, falling back to 1 default profile: "default"
2025-07-17T21:21:43.622-05:00  INFO 15524 --- [taskmanager] [           main] .s.d.r.c.RepositoryConfigurationDelegate : Bootstrapping Spring Data JPA repositories in DEFAULT mode.
2025-07-17T21:21:43.752-05:00  INFO 15524 --- [taskmanager] [           main] .s.d.r.c.RepositoryConfigurationDelegate : Finished Spring Data repository scanning in 109 ms. Found 5 JPA repository interfaces.
2025-07-17T21:21:44.552-05:00  INFO 15524 --- [taskmanager] [           main] o.hibernate.jpa.internal.util.LogHelper  : HHH000204: Processing PersistenceUnitInfo [name: default]
2025-07-17T21:21:44.681-05:00  INFO 15524 --- [taskmanager] [           main] org.hibernate.Version                    : HHH000412: Hibernate ORM core version 6.4.4.Final
2025-07-17T21:21:44.748-05:00  INFO 15524 --- [taskmanager] [           main] o.h.c.internal.RegionFactoryInitiator    : HHH000026: Second-level cache disabled
2025-07-17T21:21:45.220-05:00  INFO 15524 --- [taskmanager] [           main] o.s.o.j.p.SpringPersistenceUnitInfo      : No LoadTimeWeaver setup: ignoring JPA class transformer
2025-07-17T21:21:45.272-05:00  INFO 15524 --- [taskmanager] [           main] com.zaxxer.hikari.HikariDataSource       : HikariPool-1 - Starting...
2025-07-17T21:21:45.850-05:00  INFO 15524 --- [taskmanager] [           main] com.zaxxer.hikari.pool.HikariPool        : HikariPool-1 - Added connection com.mysql.cj.jdbc.ConnectionImpl@478089b6
2025-07-17T21:21:45.854-05:00  INFO 15524 --- [taskmanager] [           main] com.zaxxer.hikari.HikariDataSource       : HikariPool-1 - Start completed.
2025-07-17T21:21:45.946-05:00  WARN 15524 --- [taskmanager] [           main] org.hibernate.orm.deprecation            : HHH90000025: MySQLDialect does not need to be specified explicitly using 'hibernate.dialect' (remove the property setting and it will be selected by default)
2025-07-17T21:21:47.439-05:00  INFO 15524 --- [taskmanager] [           main] o.h.e.t.j.p.i.JtaPlatformInitiator       : HHH000489: No JTA platform available (set 'hibernate.transaction.jta.platform' to enable JTA platform integration)
2025-07-17T21:21:47.668-05:00  INFO 15524 --- [taskmanager] [           main] j.LocalContainerEntityManagerFactoryBean : Initialized JPA EntityManagerFactory for persistence unit 'default'
2025-07-17T21:21:48.818-05:00  WARN 15524 --- [taskmanager] [           main] JpaBaseConfiguration$JpaWebConfiguration : spring.jpa.open-in-view is enabled by default. Therefore, database queries may be performed during view rendering. Explicitly configure spring.jpa.open-in-view to disable this warning
2025-07-17T21:21:49.489-05:00  INFO 15524 --- [taskmanager] [           main] o.s.s.web.DefaultSecurityFilterChain     : Will secure any request with [org.springframework.security.web.session.DisableEncodeUrlFilter@47184859, org.springframework.security.web.context.request.async.WebAsyncManagerIntegrationFilter@22781286, org.springframework.security.web.context.SecurityContextHolderFilter@509e4d53, org.springframework.security.web.header.HeaderWriterFilter@5120886f, org.springframework.web.filter.CorsFilter@11564455, org.springframework.security.web.authentication.logout.LogoutFilter@59b8a801, com.example.taskmanager.security.JwtAuthFilter@4e00723b, org.springframework.security.web.savedrequest.RequestCacheAwareFilter@533165e7, org.springframework.security.web.servletapi.SecurityContextHolderAwareRequestFilter@324e62e2, org.springframework.security.web.authentication.AnonymousAuthenticationFilter@173c0722, org.springframework.security.web.session.SessionManagementFilter@624baf71, org.springframework.security.web.access.ExceptionTranslationFilter@476a38d9, org.springframework.security.web.access.intercept.AuthorizationFilter@157e0f6b]
2025-07-17T21:21:50.271-05:00  INFO 15524 --- [taskmanager] [           main] c.e.t.TaskmanagerApplicationTests        : Started TaskmanagerApplicationTests in 8.558 seconds (process running for 10.049)
]]></system-out>
  </testcase>
</testsuite>